<?xml version="1.0" encoding="UTF-8"?>
<testng-results ignored="0" total="1" passed="1" failed="0" skipped="0">
  <reporter-output>
  </reporter-output>
  <suite started-at="2023-04-11T12:43:22 IST" name="Suite" finished-at="2023-04-11T12:43:44 IST" duration-ms="21513">
    <groups>
    </groups>
    <test started-at="2023-04-11T12:43:22 IST" name="Test" finished-at="2023-04-11T12:43:44 IST" duration-ms="21513">
      <class name="TestCases.Verifysearch">
        <test-method is-config="true" signature="beforeSuite()[pri:0, instance:TestCases.Verifysearch@4a94ee4]" started-at="2023-04-11T12:43:22 IST" name="beforeSuite" finished-at="2023-04-11T12:43:22 IST" duration-ms="700" status="PASS">
          <reporter-output>
          </reporter-output>
        </test-method> <!-- beforeSuite -->
        <test-method is-config="true" signature="openUrl()[pri:0, instance:TestCases.Verifysearch@4a94ee4]" started-at="2023-04-11T12:43:22 IST" name="openUrl" finished-at="2023-04-11T12:43:37 IST" duration-ms="14754" status="PASS">
          <reporter-output>
          </reporter-output>
        </test-method> <!-- openUrl -->
        <test-method signature="search()[pri:0, instance:TestCases.Verifysearch@4a94ee4]" started-at="2023-04-11T12:43:37 IST" name="search" finished-at="2023-04-11T12:43:43 IST" duration-ms="5809" status="PASS">
          <reporter-output>
          </reporter-output>
        </test-method> <!-- search -->
        <test-method is-config="true" signature="close()[pri:0, instance:TestCases.Verifysearch@4a94ee4]" started-at="2023-04-11T12:43:43 IST" name="close" finished-at="2023-04-11T12:43:44 IST" duration-ms="825" status="PASS">
          <reporter-output>
          </reporter-output>
        </test-method> <!-- close -->
        <test-method is-config="true" signature="afterSuite()[pri:0, instance:TestCases.Verifysearch@4a94ee4]" started-at="2023-04-11T12:43:44 IST" name="afterSuite" finished-at="2023-04-11T12:43:45 IST" duration-ms="758" status="PASS">
          <reporter-output>
          </reporter-output>
        </test-method> <!-- afterSuite -->
      </class> <!-- TestCases.Verifysearch -->
    </test> <!-- Test -->
  </suite> <!-- Suite -->
</testng-results>
